  [1m[36m (1.7ms)[0m  [1mCREATE TABLE "schema_migrations" ("version" varchar NOT NULL) [0m
  [1m[35m (0.1ms)[0m  select sqlite_version(*)
  [1m[36m (1.6ms)[0m  [1mCREATE UNIQUE INDEX "unique_schema_migrations" ON "schema_migrations" ("version")[0m
  [1m[35mActiveRecord::SchemaMigration Load (0.1ms)[0m  SELECT "schema_migrations".* FROM "schema_migrations"


Started GET "/" for ::1 at 2015-11-17 17:47:54 -0600
Processing by Rails::WelcomeController#index as HTML
  Rendered /Users/admin/.rvm/gems/ruby-2.1.2/gems/railties-4.2.3/lib/rails/templates/rails/welcome/index.html.erb (2.8ms)
Completed 200 OK in 27ms (Views: 19.4ms | ActiveRecord: 0.0ms)
  [1m[36mActiveRecord::SchemaMigration Load (0.1ms)[0m  [1mSELECT "schema_migrations".* FROM "schema_migrations"[0m
Migrating to CreateStudents (1)
  [1m[35m (0.1ms)[0m  begin transaction
  [1m[36m (0.4ms)[0m  [1mCREATE TABLE "students" ("id" INTEGER PRIMARY KEY AUTOINCREMENT NOT NULL, "first_name" varchar, "last_name" varchar, "created_at" datetime NOT NULL, "updated_at" datetime NOT NULL) [0m
  [1m[35mSQL (0.3ms)[0m  INSERT INTO "schema_migrations" ("version") VALUES (?)  [["version", "1"]]
  [1m[36m (1.4ms)[0m  [1mcommit transaction[0m
  [1m[35mActiveRecord::SchemaMigration Load (0.1ms)[0m  SELECT "schema_migrations".* FROM "schema_migrations"
  [1m[36m (0.1ms)[0m  [1mbegin transaction[0m
  [1m[35mSQL (0.3ms)[0m  INSERT INTO "students" ("first_name", "last_name", "created_at", "updated_at") VALUES (?, ?, ?, ?)  [["first_name", "Jordan"], ["last_name", "Hudgens"], ["created_at", "2015-11-18 00:10:55.545365"], ["updated_at", "2015-11-18 00:10:55.545365"]]
  [1m[36m (2.9ms)[0m  [1mcommit transaction[0m
  [1m[35mStudent Load (0.2ms)[0m  SELECT  "students".* FROM "students"  ORDER BY "students"."id" DESC LIMIT 1
  [1m[36m (0.1ms)[0m  [1mbegin transaction[0m
  [1m[35mSQL (0.3ms)[0m  INSERT INTO "students" ("created_at", "updated_at") VALUES (?, ?)  [["created_at", "2015-11-18 00:17:49.095449"], ["updated_at", "2015-11-18 00:17:49.095449"]]
  [1m[36m (1.2ms)[0m  [1mcommit transaction[0m
  [1m[35mStudent Load (0.2ms)[0m  SELECT  "students".* FROM "students"  ORDER BY "students"."id" DESC LIMIT 1
  [1m[36mActiveRecord::SchemaMigration Load (0.1ms)[0m  [1mSELECT "schema_migrations".* FROM "schema_migrations"[0m
  [1m[35mActiveRecord::SchemaMigration Load (0.1ms)[0m  SELECT "schema_migrations".* FROM "schema_migrations"


Started GET "/" for ::1 at 2015-11-18 13:36:42 -0600
  [1m[36mActiveRecord::SchemaMigration Load (0.1ms)[0m  [1mSELECT "schema_migrations".* FROM "schema_migrations"[0m
Processing by Rails::WelcomeController#index as HTML
  Rendered /Users/admin/.rvm/gems/ruby-2.1.2/gems/railties-4.2.3/lib/rails/templates/rails/welcome/index.html.erb (2.4ms)
Completed 200 OK in 39ms (Views: 24.5ms | ActiveRecord: 0.0ms)


Started GET "/" for ::1 at 2015-11-18 13:37:10 -0600
Processing by Rails::WelcomeController#index as HTML
  Rendered /Users/admin/.rvm/gems/ruby-2.1.2/gems/railties-4.2.3/lib/rails/templates/rails/welcome/index.html.erb (0.0ms)
Completed 200 OK in 1ms (Views: 0.7ms | ActiveRecord: 0.0ms)
  [1m[36mActiveRecord::SchemaMigration Load (0.5ms)[0m  [1mSELECT "schema_migrations".* FROM "schema_migrations"[0m
  [1m[35mActiveRecord::SchemaMigration Load (0.1ms)[0m  SELECT "schema_migrations".* FROM "schema_migrations"
  [1m[36mStudent Load (0.4ms)[0m  [1mSELECT  "students".* FROM "students"  ORDER BY "students"."id" DESC LIMIT 1[0m
  [1m[35mStudent Load (0.2ms)[0m  SELECT  "students".* FROM "students"  ORDER BY "students"."id" DESC LIMIT 1
  [1m[36m (0.1ms)[0m  [1mbegin transaction[0m
  [1m[35mSQL (0.6ms)[0m  DELETE FROM "students" WHERE "students"."id" = ?  [["id", 2]]
  [1m[36m (1.6ms)[0m  [1mcommit transaction[0m
  [1m[35mStudent Load (0.2ms)[0m  SELECT "students".* FROM "students"
Started GET "/students" for ::1 at 2019-11-04 16:42:47 -0500
  [1m[36mActiveRecord::SchemaMigration Load (0.2ms)[0m  [1m[34mSELECT "schema_migrations".* FROM "schema_migrations"[0m
  
ActiveRecord::PendingMigrationError (

Migrations are pending. To resolve this issue, run:

        bin/rails db:migrate RAILS_ENV=development

):
  
activerecord (5.0.7.1) lib/active_record/migration.rb:573:in `check_pending!'
activerecord (5.0.7.1) lib/active_record/migration.rb:549:in `call'
actionpack (5.0.7.1) lib/action_dispatch/middleware/callbacks.rb:38:in `block in call'
activesupport (5.0.7.1) lib/active_support/callbacks.rb:97:in `__run_callbacks__'
activesupport (5.0.7.1) lib/active_support/callbacks.rb:750:in `_run_call_callbacks'
activesupport (5.0.7.1) lib/active_support/callbacks.rb:90:in `run_callbacks'
actionpack (5.0.7.1) lib/action_dispatch/middleware/callbacks.rb:36:in `call'
actionpack (5.0.7.1) lib/action_dispatch/middleware/executor.rb:12:in `call'
actionpack (5.0.7.1) lib/action_dispatch/middleware/remote_ip.rb:79:in `call'
actionpack (5.0.7.1) lib/action_dispatch/middleware/debug_exceptions.rb:49:in `call'
actionpack (5.0.7.1) lib/action_dispatch/middleware/show_exceptions.rb:31:in `call'
railties (5.0.7.1) lib/rails/rack/logger.rb:36:in `call_app'
railties (5.0.7.1) lib/rails/rack/logger.rb:24:in `block in call'
activesupport (5.0.7.1) lib/active_support/tagged_logging.rb:69:in `block in tagged'
activesupport (5.0.7.1) lib/active_support/tagged_logging.rb:26:in `tagged'
activesupport (5.0.7.1) lib/active_support/tagged_logging.rb:69:in `tagged'
railties (5.0.7.1) lib/rails/rack/logger.rb:24:in `call'
sprockets-rails (3.2.1) lib/sprockets/rails/quiet_assets.rb:13:in `call'
actionpack (5.0.7.1) lib/action_dispatch/middleware/request_id.rb:24:in `call'
rack (2.0.6) lib/rack/method_override.rb:22:in `call'
rack (2.0.6) lib/rack/runtime.rb:22:in `call'
activesupport (5.0.7.1) lib/active_support/cache/strategy/local_cache_middleware.rb:28:in `call'
actionpack (5.0.7.1) lib/action_dispatch/middleware/executor.rb:12:in `call'
actionpack (5.0.7.1) lib/action_dispatch/middleware/static.rb:136:in `call'
rack (2.0.6) lib/rack/sendfile.rb:111:in `call'
railties (5.0.7.1) lib/rails/engine.rb:522:in `call'
rack (2.0.6) lib/rack/handler/webrick.rb:86:in `service'
/Users/hope/.rvm/rubies/ruby-2.6.1/lib/ruby/2.6.0/webrick/httpserver.rb:140:in `service'
/Users/hope/.rvm/rubies/ruby-2.6.1/lib/ruby/2.6.0/webrick/httpserver.rb:96:in `run'
/Users/hope/.rvm/rubies/ruby-2.6.1/lib/ruby/2.6.0/webrick/server.rb:307:in `block in start_thread'
  Rendering /Users/hope/.rvm/gems/ruby-2.6.1/gems/actionpack-5.0.7.1/lib/action_dispatch/middleware/templates/rescues/diagnostics.html.erb within rescues/layout
  Rendering /Users/hope/.rvm/gems/ruby-2.6.1/gems/actionpack-5.0.7.1/lib/action_dispatch/middleware/templates/rescues/_source.html.erb
  Rendered /Users/hope/.rvm/gems/ruby-2.6.1/gems/actionpack-5.0.7.1/lib/action_dispatch/middleware/templates/rescues/_source.html.erb (1.7ms)
  Rendering /Users/hope/.rvm/gems/ruby-2.6.1/gems/actionpack-5.0.7.1/lib/action_dispatch/middleware/templates/rescues/_trace.html.erb
  Rendered /Users/hope/.rvm/gems/ruby-2.6.1/gems/actionpack-5.0.7.1/lib/action_dispatch/middleware/templates/rescues/_trace.html.erb (1.2ms)
  Rendering /Users/hope/.rvm/gems/ruby-2.6.1/gems/actionpack-5.0.7.1/lib/action_dispatch/middleware/templates/rescues/_request_and_response.html.erb
  Rendered /Users/hope/.rvm/gems/ruby-2.6.1/gems/actionpack-5.0.7.1/lib/action_dispatch/middleware/templates/rescues/_request_and_response.html.erb (0.9ms)
  Rendered /Users/hope/.rvm/gems/ruby-2.6.1/gems/actionpack-5.0.7.1/lib/action_dispatch/middleware/templates/rescues/diagnostics.html.erb within rescues/layout (46.4ms)
  [1m[35m (3.8ms)[0m  [1m[35mCREATE TABLE "ar_internal_metadata" ("key" varchar NOT NULL PRIMARY KEY, "value" varchar, "created_at" datetime NOT NULL, "updated_at" datetime NOT NULL)[0m
  [1m[36mActiveRecord::SchemaMigration Load (0.2ms)[0m  [1m[34mSELECT "schema_migrations".* FROM "schema_migrations"[0m
Migrating to CreateSchoolClasses (20191104204103)
  [1m[35m (0.1ms)[0m  [1m[36mbegin transaction[0m
  [1m[35m (0.7ms)[0m  [1m[35mCREATE TABLE "school_classes" ("id" INTEGER PRIMARY KEY AUTOINCREMENT NOT NULL, "title" varchar, "room_number" integer, "created_at" datetime NOT NULL, "updated_at" datetime NOT NULL)[0m
  [1m[35mSQL (1.4ms)[0m  [1m[32mINSERT INTO "schema_migrations" ("version") VALUES (?)[0m  [["version", "20191104204103"]]
  [1m[35m (1.9ms)[0m  [1m[36mcommit transaction[0m
  [1m[36mActiveRecord::InternalMetadata Load (0.1ms)[0m  [1m[34mSELECT  "ar_internal_metadata".* FROM "ar_internal_metadata" WHERE "ar_internal_metadata"."key" = ? LIMIT ?[0m  [["key", "environment"], ["LIMIT", 1]]
  [1m[35m (0.1ms)[0m  [1m[36mbegin transaction[0m
  [1m[35mSQL (0.6ms)[0m  [1m[32mINSERT INTO "ar_internal_metadata" ("key", "value", "created_at", "updated_at") VALUES (?, ?, ?, ?)[0m  [["key", "environment"], ["value", "development"], ["created_at", "2019-11-04 21:43:06.087004"], ["updated_at", "2019-11-04 21:43:06.087004"]]
  [1m[35m (1.9ms)[0m  [1m[36mcommit transaction[0m
  [1m[36mActiveRecord::SchemaMigration Load (0.1ms)[0m  [1m[34mSELECT "schema_migrations".* FROM "schema_migrations"[0m
  [1m[36mActiveRecord::SchemaMigration Load (0.1ms)[0m  [1m[34mSELECT "schema_migrations".* FROM "schema_migrations"[0m
  [1m[35m (0.0ms)[0m  [1m[36mbegin transaction[0m
  [1m[35mSQL (0.5ms)[0m  [1m[32mINSERT INTO "students" ("first_name", "last_name", "created_at", "updated_at") VALUES (?, ?, ?, ?)[0m  [["first_name", "Hermione"], ["last_name", "Granger"], ["created_at", "2019-11-04 21:44:10.414697"], ["updated_at", "2019-11-04 21:44:10.414697"]]
  [1m[35m (1.8ms)[0m  [1m[36mcommit transaction[0m
  [1m[35m (0.1ms)[0m  [1m[36mbegin transaction[0m
  [1m[35mSQL (0.3ms)[0m  [1m[32mINSERT INTO "students" ("first_name", "last_name", "created_at", "updated_at") VALUES (?, ?, ?, ?)[0m  [["first_name", "Ron"], ["last_name", "Weasley"], ["created_at", "2019-11-04 21:44:10.418493"], ["updated_at", "2019-11-04 21:44:10.418493"]]
  [1m[35m (2.0ms)[0m  [1m[36mcommit transaction[0m
  [1m[35m (0.1ms)[0m  [1m[36mbegin transaction[0m
  [1m[35mSQL (0.3ms)[0m  [1m[32mINSERT INTO "students" ("first_name", "last_name", "created_at", "updated_at") VALUES (?, ?, ?, ?)[0m  [["first_name", "Harry"], ["last_name", "Potter"], ["created_at", "2019-11-04 21:44:10.421949"], ["updated_at", "2019-11-04 21:44:10.421949"]]
  [1m[35m (2.0ms)[0m  [1m[36mcommit transaction[0m
Started GET "/students" for ::1 at 2019-11-04 16:44:24 -0500
  [1m[36mActiveRecord::SchemaMigration Load (0.1ms)[0m  [1m[34mSELECT "schema_migrations".* FROM "schema_migrations"[0m
Processing by StudentsController#index as HTML
  Rendering students/index.html.erb within layouts/application
  [1m[36mStudent Load (0.3ms)[0m  [1m[34mSELECT "students".* FROM "students"[0m
  Rendered students/index.html.erb within layouts/application (17.9ms)
Completed 200 OK in 1079ms (Views: 1063.0ms | ActiveRecord: 1.1ms)


Started GET "/students" for ::1 at 2019-11-04 16:44:47 -0500
Processing by StudentsController#index as HTML
  Rendering students/index.html.erb within layouts/application
  [1m[36mStudent Load (0.3ms)[0m  [1m[34mSELECT "students".* FROM "students"[0m
  Rendered students/index.html.erb within layouts/application (2.1ms)
Completed 200 OK in 23ms (Views: 20.9ms | ActiveRecord: 0.3ms)


Started GET "/students/3" for ::1 at 2019-11-04 16:45:04 -0500
Processing by StudentsController#show as HTML
  Parameters: {"id"=>"3"}
  [1m[36mStudent Load (0.3ms)[0m  [1m[34mSELECT  "students".* FROM "students" WHERE "students"."id" = ? LIMIT ?[0m  [["id", 3], ["LIMIT", 1]]
  Rendering students/show.html.erb within layouts/application
  Rendered students/show.html.erb within layouts/application (1.2ms)
Completed 200 OK in 46ms (Views: 36.4ms | ActiveRecord: 0.3ms)


Started GET "/students" for ::1 at 2019-11-04 16:45:26 -0500
Processing by StudentsController#index as HTML
  Rendering students/index.html.erb within layouts/application
  [1m[36mStudent Load (0.1ms)[0m  [1m[34mSELECT "students".* FROM "students"[0m
  Rendered students/index.html.erb within layouts/application (1.3ms)
Completed 200 OK in 17ms (Views: 15.6ms | ActiveRecord: 0.1ms)


Started GET "/students" for ::1 at 2019-11-04 16:45:35 -0500
Processing by StudentsController#index as HTML
  Rendering students/index.html.erb within layouts/application
  [1m[36mStudent Load (0.1ms)[0m  [1m[34mSELECT "students".* FROM "students"[0m
  Rendered students/index.html.erb within layouts/application (1.5ms)
Completed 200 OK in 15ms (Views: 14.3ms | ActiveRecord: 0.1ms)


Started GET "/students/new" for ::1 at 2019-11-04 16:47:57 -0500
Processing by StudentsController#new as HTML
  Rendering students/new.html.erb within layouts/application
  Rendered students/new.html.erb within layouts/application (36.9ms)
Completed 200 OK in 74ms (Views: 72.5ms | ActiveRecord: 0.0ms)


Started POST "/students" for ::1 at 2019-11-04 16:48:05 -0500
Processing by StudentsController#create as HTML
  Parameters: {"utf8"=>"✓", "authenticity_token"=>"xGWrg0bEWyetYa7hnEYAWaN2Xbr71dpdwj0TgeLFpw4xPY2Mgto/oBHmphs1j0iAaLv5YvAiixHXUbRGM4ToFA==", "student"=>{"first_name"=>"Fred", "last_name"=>"Weasley"}, "commit"=>"Create Student"}
  [1m[35m (0.1ms)[0m  [1m[36mbegin transaction[0m
  [1m[35mSQL (0.5ms)[0m  [1m[32mINSERT INTO "students" ("first_name", "last_name", "created_at", "updated_at") VALUES (?, ?, ?, ?)[0m  [["first_name", "Fred"], ["last_name", "Weasley"], ["created_at", "2019-11-04 21:48:05.794733"], ["updated_at", "2019-11-04 21:48:05.794733"]]
  [1m[35m (2.0ms)[0m  [1m[36mcommit transaction[0m
No template found for StudentsController#create, rendering head :no_content
Completed 204 No Content in 31ms (ActiveRecord: 2.6ms)


Started GET "/students/new" for ::1 at 2019-11-04 16:48:26 -0500
Processing by StudentsController#new as HTML
  Rendering students/new.html.erb within layouts/application
  Rendered students/new.html.erb within layouts/application (2.5ms)
Completed 200 OK in 46ms (Views: 37.4ms | ActiveRecord: 0.9ms)


Started GET "/students" for ::1 at 2019-11-04 16:48:29 -0500
Processing by StudentsController#index as HTML
  Rendering students/index.html.erb within layouts/application
  [1m[36mStudent Load (0.2ms)[0m  [1m[34mSELECT "students".* FROM "students"[0m
  Rendered students/index.html.erb within layouts/application (2.2ms)
Completed 200 OK in 26ms (Views: 23.4ms | ActiveRecord: 0.2ms)


Started GET "/students/new" for ::1 at 2019-11-04 16:48:32 -0500
Processing by StudentsController#new as HTML
  Rendering students/new.html.erb within layouts/application
  Rendered students/new.html.erb within layouts/application (1.6ms)
Completed 200 OK in 20ms (Views: 19.1ms | ActiveRecord: 0.0ms)


Started POST "/students" for ::1 at 2019-11-04 16:48:36 -0500
Processing by StudentsController#create as HTML
  Parameters: {"utf8"=>"✓", "authenticity_token"=>"HgU8moZr7StsPKU1VURNmIWRL6AdMSL4fYRa3Pl0+UHrXRqVQnWJrNC7rc/8jQVBTlyLeBbGc7Ro6P0bKDW2Ww==", "student"=>{"first_name"=>"George", "last_name"=>"We"}, "commit"=>"Create Student"}
  [1m[35m (0.1ms)[0m  [1m[36mbegin transaction[0m
  [1m[35mSQL (0.4ms)[0m  [1m[32mINSERT INTO "students" ("first_name", "last_name", "created_at", "updated_at") VALUES (?, ?, ?, ?)[0m  [["first_name", "George"], ["last_name", "We"], ["created_at", "2019-11-04 21:48:36.233223"], ["updated_at", "2019-11-04 21:48:36.233223"]]
  [1m[35m (1.9ms)[0m  [1m[36mcommit transaction[0m
Redirected to http://localhost:3000/students
Completed 302 Found in 5ms (ActiveRecord: 2.3ms)


Started GET "/students" for ::1 at 2019-11-04 16:48:36 -0500
Processing by StudentsController#index as HTML
  Rendering students/index.html.erb within layouts/application
  [1m[36mStudent Load (0.3ms)[0m  [1m[34mSELECT "students".* FROM "students"[0m
  Rendered students/index.html.erb within layouts/application (1.9ms)
Completed 200 OK in 36ms (Views: 35.0ms | ActiveRecord: 0.2ms)


Started GET "/students/7" for ::1 at 2019-11-04 16:49:50 -0500
Processing by StudentsController#show as HTML
  Parameters: {"id"=>"7"}
  [1m[36mStudent Load (0.2ms)[0m  [1m[34mSELECT  "students".* FROM "students" WHERE "students"."id" = ? LIMIT ?[0m  [["id", 7], ["LIMIT", 1]]
  Rendering students/show.html.erb within layouts/application
  Rendered students/show.html.erb within layouts/application (0.4ms)
Completed 200 OK in 25ms (Views: 14.9ms | ActiveRecord: 0.9ms)


Started GET "/students/7/edit" for ::1 at 2019-11-04 16:49:54 -0500
Processing by StudentsController#edit as HTML
  Parameters: {"id"=>"7"}
  [1m[36mStudent Load (0.1ms)[0m  [1m[34mSELECT  "students".* FROM "students" WHERE "students"."id" = ? LIMIT ?[0m  [["id", 7], ["LIMIT", 1]]
  Rendering students/edit.html.erb within layouts/application
  Rendered students/edit.html.erb within layouts/application (2.6ms)
Completed 200 OK in 41ms (Views: 38.7ms | ActiveRecord: 0.1ms)


Started PATCH "/students/7" for ::1 at 2019-11-04 16:49:57 -0500
Processing by StudentsController#update as HTML
  Parameters: {"utf8"=>"✓", "authenticity_token"=>"0LxUfcFS6UbzBWWwmRJ3UAadmIVHvPTCbi/+2ye3LWIl5HJyBUyNwU+CbUow2z+JzVA8XUxLpY57Q1kc9vZieA==", "student"=>{"first_name"=>"George", "last_name"=>"Weasley"}, "commit"=>"Update Student", "id"=>"7"}
  [1m[36mStudent Load (0.2ms)[0m  [1m[34mSELECT  "students".* FROM "students" WHERE "students"."id" = ? LIMIT ?[0m  [["id", 7], ["LIMIT", 1]]
  [1m[35m (0.1ms)[0m  [1m[36mbegin transaction[0m
  [1m[35mSQL (0.5ms)[0m  [1m[33mUPDATE "students" SET "last_name" = ?, "updated_at" = ? WHERE "students"."id" = ?[0m  [["last_name", "Weasley"], ["updated_at", "2019-11-04 21:49:57.473517"], ["id", 7]]
  [1m[35m (1.8ms)[0m  [1m[36mcommit transaction[0m
Redirected to http://localhost:3000/students/7
Completed 302 Found in 7ms (ActiveRecord: 2.6ms)


Started GET "/students/7" for ::1 at 2019-11-04 16:49:57 -0500
Processing by StudentsController#show as HTML
  Parameters: {"id"=>"7"}
  [1m[36mStudent Load (0.2ms)[0m  [1m[34mSELECT  "students".* FROM "students" WHERE "students"."id" = ? LIMIT ?[0m  [["id", 7], ["LIMIT", 1]]
  Rendering students/show.html.erb within layouts/application
  Rendered students/show.html.erb within layouts/application (0.4ms)
Completed 200 OK in 18ms (Views: 15.9ms | ActiveRecord: 0.2ms)


Started GET "/students" for ::1 at 2019-11-04 16:50:00 -0500
Processing by StudentsController#index as HTML
  Rendering students/index.html.erb within layouts/application
  [1m[36mStudent Load (0.1ms)[0m  [1m[34mSELECT "students".* FROM "students"[0m
  Rendered students/index.html.erb within layouts/application (1.6ms)
Completed 200 OK in 26ms (Views: 22.0ms | ActiveRecord: 0.1ms)


Started GET "/students/1" for ::1 at 2019-11-04 16:50:18 -0500
Processing by StudentsController#show as HTML
  Parameters: {"id"=>"1"}
  [1m[36mStudent Load (0.2ms)[0m  [1m[34mSELECT  "students".* FROM "students" WHERE "students"."id" = ? LIMIT ?[0m  [["id", 1], ["LIMIT", 1]]
  Rendering students/show.html.erb within layouts/application
  Rendered students/show.html.erb within layouts/application (0.6ms)
Completed 200 OK in 22ms (Views: 19.8ms | ActiveRecord: 0.2ms)


Started GET "/students/1/edit" for ::1 at 2019-11-04 16:50:20 -0500
Processing by StudentsController#edit as HTML
  Parameters: {"id"=>"1"}
  [1m[36mStudent Load (0.1ms)[0m  [1m[34mSELECT  "students".* FROM "students" WHERE "students"."id" = ? LIMIT ?[0m  [["id", 1], ["LIMIT", 1]]
  Rendering students/edit.html.erb within layouts/application
  Rendered students/edit.html.erb within layouts/application (4.4ms)
Completed 200 OK in 27ms (Views: 25.3ms | ActiveRecord: 0.1ms)


Started PATCH "/students/1" for ::1 at 2019-11-04 16:50:31 -0500
Processing by StudentsController#update as HTML
  Parameters: {"utf8"=>"✓", "authenticity_token"=>"Jh9D6V0hU9g7J9JTB5B+ajU6nqSxEay9GjH9sIOD5zfTR2XmmT83X4eg2qmuWTaz/vc6fLrm/fEPXVp3UsKoLQ==", "student"=>{"first_name"=>"Percy", "last_name"=>"Weasley"}, "commit"=>"Update Student", "id"=>"1"}
  [1m[36mStudent Load (0.2ms)[0m  [1m[34mSELECT  "students".* FROM "students" WHERE "students"."id" = ? LIMIT ?[0m  [["id", 1], ["LIMIT", 1]]
  [1m[35m (0.1ms)[0m  [1m[36mbegin transaction[0m
  [1m[35mSQL (0.4ms)[0m  [1m[33mUPDATE "students" SET "first_name" = ?, "last_name" = ?, "updated_at" = ? WHERE "students"."id" = ?[0m  [["first_name", "Percy"], ["last_name", "Weasley"], ["updated_at", "2019-11-04 21:50:31.517462"], ["id", 1]]
  [1m[35m (1.7ms)[0m  [1m[36mcommit transaction[0m
Redirected to http://localhost:3000/students/1
Completed 302 Found in 7ms (ActiveRecord: 2.3ms)


Started GET "/students/1" for ::1 at 2019-11-04 16:50:31 -0500
Processing by StudentsController#show as HTML
  Parameters: {"id"=>"1"}
  [1m[36mStudent Load (0.1ms)[0m  [1m[34mSELECT  "students".* FROM "students" WHERE "students"."id" = ? LIMIT ?[0m  [["id", 1], ["LIMIT", 1]]
  Rendering students/show.html.erb within layouts/application
  Rendered students/show.html.erb within layouts/application (0.8ms)
Completed 200 OK in 28ms (Views: 26.4ms | ActiveRecord: 0.1ms)


Started GET "/students" for ::1 at 2019-11-04 16:50:34 -0500
Processing by StudentsController#index as HTML
  Rendering students/index.html.erb within layouts/application
  [1m[36mStudent Load (0.1ms)[0m  [1m[34mSELECT "students".* FROM "students"[0m
  Rendered students/index.html.erb within layouts/application (1.5ms)
Completed 200 OK in 18ms (Views: 16.7ms | ActiveRecord: 0.1ms)


  [1m[36mActiveRecord::SchemaMigration Load (0.2ms)[0m  [1m[34mSELECT "schema_migrations".* FROM "schema_migrations"[0m
  [1m[36mStudent Load (0.2ms)[0m  [1m[34mSELECT "students".* FROM "students"[0m
  [1m[35m (0.1ms)[0m  [1m[36mbegin transaction[0m
  [1m[35mSQL (0.7ms)[0m  [1m[31mDELETE FROM "students" WHERE "students"."id" = ?[0m  [["id", 1]]
  [1m[35m (2.1ms)[0m  [1m[36mcommit transaction[0m
  [1m[35m (0.1ms)[0m  [1m[36mbegin transaction[0m
  [1m[35mSQL (0.3ms)[0m  [1m[31mDELETE FROM "students" WHERE "students"."id" = ?[0m  [["id", 3]]
  [1m[35m (1.7ms)[0m  [1m[36mcommit transaction[0m
  [1m[35m (0.1ms)[0m  [1m[36mbegin transaction[0m
  [1m[35mSQL (0.2ms)[0m  [1m[31mDELETE FROM "students" WHERE "students"."id" = ?[0m  [["id", 4]]
  [1m[35m (1.9ms)[0m  [1m[36mcommit transaction[0m
  [1m[35m (0.1ms)[0m  [1m[36mbegin transaction[0m
  [1m[35mSQL (0.4ms)[0m  [1m[31mDELETE FROM "students" WHERE "students"."id" = ?[0m  [["id", 5]]
  [1m[35m (2.4ms)[0m  [1m[36mcommit transaction[0m
  [1m[35m (0.1ms)[0m  [1m[36mbegin transaction[0m
  [1m[35mSQL (0.3ms)[0m  [1m[31mDELETE FROM "students" WHERE "students"."id" = ?[0m  [["id", 6]]
  [1m[35m (2.0ms)[0m  [1m[36mcommit transaction[0m
  [1m[35m (0.1ms)[0m  [1m[36mbegin transaction[0m
  [1m[35mSQL (0.3ms)[0m  [1m[31mDELETE FROM "students" WHERE "students"."id" = ?[0m  [["id", 7]]
  [1m[35m (2.0ms)[0m  [1m[36mcommit transaction[0m
  [1m[36mSchoolClass Load (1.3ms)[0m  [1m[34mSELECT "school_classes".* FROM "school_classes"[0m
  [1m[35m (0.1ms)[0m  [1m[36mbegin transaction[0m
  [1m[35mSQL (0.5ms)[0m  [1m[32mINSERT INTO "students" ("first_name", "last_name", "created_at", "updated_at") VALUES (?, ?, ?, ?)[0m  [["first_name", "Hermione"], ["last_name", "Granger"], ["created_at", "2019-11-04 21:53:16.368505"], ["updated_at", "2019-11-04 21:53:16.368505"]]
  [1m[35m (2.0ms)[0m  [1m[36mcommit transaction[0m
  [1m[35m (0.1ms)[0m  [1m[36mbegin transaction[0m
  [1m[35mSQL (0.4ms)[0m  [1m[32mINSERT INTO "students" ("first_name", "last_name", "created_at", "updated_at") VALUES (?, ?, ?, ?)[0m  [["first_name", "Ron"], ["last_name", "Weasley"], ["created_at", "2019-11-04 21:53:16.372496"], ["updated_at", "2019-11-04 21:53:16.372496"]]
  [1m[35m (1.7ms)[0m  [1m[36mcommit transaction[0m
  [1m[35m (0.1ms)[0m  [1m[36mbegin transaction[0m
  [1m[35mSQL (0.4ms)[0m  [1m[32mINSERT INTO "students" ("first_name", "last_name", "created_at", "updated_at") VALUES (?, ?, ?, ?)[0m  [["first_name", "Harry"], ["last_name", "Potter"], ["created_at", "2019-11-04 21:53:16.375955"], ["updated_at", "2019-11-04 21:53:16.375955"]]
  [1m[35m (1.8ms)[0m  [1m[36mcommit transaction[0m
  [1m[35m (0.1ms)[0m  [1m[36mbegin transaction[0m
  [1m[35mSQL (0.4ms)[0m  [1m[32mINSERT INTO "school_classes" ("title", "room_number", "created_at", "updated_at") VALUES (?, ?, ?, ?)[0m  [["title", "Potions"], ["room_number", -5], ["created_at", "2019-11-04 21:53:16.384290"], ["updated_at", "2019-11-04 21:53:16.384290"]]
  [1m[35m (1.9ms)[0m  [1m[36mcommit transaction[0m
  [1m[35m (0.1ms)[0m  [1m[36mbegin transaction[0m
  [1m[35mSQL (0.4ms)[0m  [1m[32mINSERT INTO "school_classes" ("title", "room_number", "created_at", "updated_at") VALUES (?, ?, ?, ?)[0m  [["title", "Defense Against the Dark Arts"], ["room_number", 15], ["created_at", "2019-11-04 21:53:16.387949"], ["updated_at", "2019-11-04 21:53:16.387949"]]
  [1m[35m (1.9ms)[0m  [1m[36mcommit transaction[0m
  [1m[35m (0.1ms)[0m  [1m[36mbegin transaction[0m
  [1m[35mSQL (0.3ms)[0m  [1m[32mINSERT INTO "school_classes" ("title", "room_number", "created_at", "updated_at") VALUES (?, ?, ?, ?)[0m  [["title", "Transfiguration"], ["room_number", 2], ["created_at", "2019-11-04 21:53:16.391522"], ["updated_at", "2019-11-04 21:53:16.391522"]]
  [1m[35m (2.0ms)[0m  [1m[36mcommit transaction[0m
Started GET "/school_classes" for ::1 at 2019-11-04 16:55:55 -0500
  [1m[36mActiveRecord::SchemaMigration Load (0.1ms)[0m  [1m[34mSELECT "schema_migrations".* FROM "schema_migrations"[0m
Processing by SchoolClassesController#index as HTML
  Rendering school_classes/index.html.erb within layouts/application
  Rendered school_classes/index.html.erb within layouts/application (0.5ms)
Completed 500 Internal Server Error in 25ms (ActiveRecord: 0.0ms)


  
SyntaxError (/Users/hope/Development/code/rails-form_for-lab-dumbo-web-100719/app/views/school_classes/index.html.erb:2: syntax error, unexpected '<'
...reeze;@output_buffer.append=( <%= link_to school_class.title...
...                              ^
/Users/hope/Development/code/rails-form_for-lab-dumbo-web-100719/app/views/school_classes/index.html.erb:3: syntax error, unexpected end, expecting ')'
'.freeze; end ;@output_buffer.to_s
          ^~~
/Users/hope/Development/code/rails-form_for-lab-dumbo-web-100719/app/views/school_classes/index.html.erb:4: syntax error, unexpected ensure, expecting ')'
          ensure
          ^~~~~~
/Users/hope/Development/code/rails-form_for-lab-dumbo-web-100719/app/views/school_classes/index.html.erb:6: syntax error, unexpected end, expecting ')'
          end
          ^~~):
  
app/views/school_classes/index.html.erb:2: syntax error, unexpected '<'
app/views/school_classes/index.html.erb:3: syntax error, unexpected end, expecting ')'
app/views/school_classes/index.html.erb:4: syntax error, unexpected ensure, expecting ')'
app/views/school_classes/index.html.erb:6: syntax error, unexpected end, expecting ')'
  Rendering /Users/hope/.rvm/gems/ruby-2.6.1/gems/actionpack-5.0.7.1/lib/action_dispatch/middleware/templates/rescues/diagnostics.html.erb within rescues/layout
  Rendering /Users/hope/.rvm/gems/ruby-2.6.1/gems/actionpack-5.0.7.1/lib/action_dispatch/middleware/templates/rescues/_source.html.erb
  Rendered /Users/hope/.rvm/gems/ruby-2.6.1/gems/actionpack-5.0.7.1/lib/action_dispatch/middleware/templates/rescues/_source.html.erb (6.7ms)
  Rendering /Users/hope/.rvm/gems/ruby-2.6.1/gems/actionpack-5.0.7.1/lib/action_dispatch/middleware/templates/rescues/_trace.html.erb
  Rendered /Users/hope/.rvm/gems/ruby-2.6.1/gems/actionpack-5.0.7.1/lib/action_dispatch/middleware/templates/rescues/_trace.html.erb (2.0ms)
  Rendering /Users/hope/.rvm/gems/ruby-2.6.1/gems/actionpack-5.0.7.1/lib/action_dispatch/middleware/templates/rescues/_request_and_response.html.erb
  Rendered /Users/hope/.rvm/gems/ruby-2.6.1/gems/actionpack-5.0.7.1/lib/action_dispatch/middleware/templates/rescues/_request_and_response.html.erb (0.8ms)
  Rendered /Users/hope/.rvm/gems/ruby-2.6.1/gems/actionpack-5.0.7.1/lib/action_dispatch/middleware/templates/rescues/diagnostics.html.erb within rescues/layout (58.0ms)
Started GET "/school_classes" for ::1 at 2019-11-04 16:56:12 -0500
Processing by SchoolClassesController#index as HTML
  Rendering school_classes/index.html.erb within layouts/application
  [1m[36mSchoolClass Load (0.1ms)[0m  [1m[34mSELECT "school_classes".* FROM "school_classes"[0m
  Rendered school_classes/index.html.erb within layouts/application (5.3ms)
Completed 200 OK in 320ms (Views: 317.8ms | ActiveRecord: 0.6ms)


Started GET "/school_classes" for ::1 at 2019-11-04 16:56:24 -0500
Processing by SchoolClassesController#index as HTML
  Rendering school_classes/index.html.erb within layouts/application
  [1m[36mSchoolClass Load (0.1ms)[0m  [1m[34mSELECT "school_classes".* FROM "school_classes"[0m
  Rendered school_classes/index.html.erb within layouts/application (1.7ms)
Completed 200 OK in 19ms (Views: 16.9ms | ActiveRecord: 0.1ms)


Started GET "/school_classes/1" for ::1 at 2019-11-04 16:56:27 -0500
Processing by SchoolClassesController#show as HTML
  Parameters: {"id"=>"1"}
  [1m[36mSchoolClass Load (0.2ms)[0m  [1m[34mSELECT  "school_classes".* FROM "school_classes" WHERE "school_classes"."id" = ? LIMIT ?[0m  [["id", 1], ["LIMIT", 1]]
  Rendering school_classes/show.html.erb within layouts/application
  Rendered school_classes/show.html.erb within layouts/application (1.1ms)
Completed 200 OK in 30ms (Views: 21.6ms | ActiveRecord: 0.2ms)


Started GET "/school_classes/2" for ::1 at 2019-11-04 16:56:28 -0500
Processing by SchoolClassesController#show as HTML
  Parameters: {"id"=>"2"}
  [1m[36mSchoolClass Load (0.2ms)[0m  [1m[34mSELECT  "school_classes".* FROM "school_classes" WHERE "school_classes"."id" = ? LIMIT ?[0m  [["id", 2], ["LIMIT", 1]]
  Rendering school_classes/show.html.erb within layouts/application
  Rendered school_classes/show.html.erb within layouts/application (0.6ms)
Completed 200 OK in 30ms (Views: 26.0ms | ActiveRecord: 0.2ms)


Started GET "/school_classes/1" for ::1 at 2019-11-04 16:57:09 -0500
Processing by SchoolClassesController#show as HTML
  Parameters: {"id"=>"1"}
  [1m[36mSchoolClass Load (0.1ms)[0m  [1m[34mSELECT  "school_classes".* FROM "school_classes" WHERE "school_classes"."id" = ? LIMIT ?[0m  [["id", 1], ["LIMIT", 1]]
  Rendering school_classes/show.html.erb within layouts/application
  Rendered school_classes/show.html.erb within layouts/application (0.5ms)
Completed 200 OK in 23ms (Views: 20.8ms | ActiveRecord: 0.1ms)


Started GET "/school_classes/2" for ::1 at 2019-11-04 16:57:12 -0500
Processing by SchoolClassesController#show as HTML
  Parameters: {"id"=>"2"}
  [1m[36mSchoolClass Load (0.1ms)[0m  [1m[34mSELECT  "school_classes".* FROM "school_classes" WHERE "school_classes"."id" = ? LIMIT ?[0m  [["id", 2], ["LIMIT", 1]]
  Rendering school_classes/show.html.erb within layouts/application
  Rendered school_classes/show.html.erb within layouts/application (0.9ms)
Completed 200 OK in 20ms (Views: 18.6ms | ActiveRecord: 0.1ms)


Started GET "/school_classes/new" for ::1 at 2019-11-04 16:59:27 -0500
Processing by SchoolClassesController#new as HTML
  Rendering school_classes/new.html.erb within layouts/application
  Rendered school_classes/new.html.erb within layouts/application (35.4ms)
Completed 200 OK in 57ms (Views: 54.8ms | ActiveRecord: 0.0ms)


Started POST "/school_classes" for ::1 at 2019-11-04 16:59:42 -0500
Processing by SchoolClassesController#create as HTML
  Parameters: {"utf8"=>"✓", "authenticity_token"=>"HeVzuehimuNyvE1jzWaAh3pgSRIVuD2HXN4YuPutrYjovVW2LHz+ZM47RZlkr8hesa3tyh5PbMtJsr9/Kuzikg==", "school_class"=>{"title"=>"Divination", "room_number"=>"77"}, "commit"=>"Create School class"}
  [1m[35m (0.1ms)[0m  [1m[36mbegin transaction[0m
  [1m[35mSQL (0.9ms)[0m  [1m[32mINSERT INTO "school_classes" ("title", "room_number", "created_at", "updated_at") VALUES (?, ?, ?, ?)[0m  [["title", "Divination"], ["room_number", 77], ["created_at", "2019-11-04 21:59:42.327250"], ["updated_at", "2019-11-04 21:59:42.327250"]]
  [1m[35m (2.0ms)[0m  [1m[36mcommit transaction[0m
Redirected to http://localhost:3000/school_classes
Completed 302 Found in 8ms (ActiveRecord: 3.0ms)


Started GET "/school_classes" for ::1 at 2019-11-04 16:59:42 -0500
Processing by SchoolClassesController#index as HTML
  Rendering school_classes/index.html.erb within layouts/application
  [1m[36mSchoolClass Load (0.3ms)[0m  [1m[34mSELECT "school_classes".* FROM "school_classes"[0m
  Rendered school_classes/index.html.erb within layouts/application (2.1ms)
Completed 200 OK in 26ms (Views: 23.2ms | ActiveRecord: 0.3ms)


Started GET "/school_classes/4" for ::1 at 2019-11-04 16:59:45 -0500
Processing by SchoolClassesController#show as HTML
  Parameters: {"id"=>"4"}
  [1m[36mSchoolClass Load (0.2ms)[0m  [1m[34mSELECT  "school_classes".* FROM "school_classes" WHERE "school_classes"."id" = ? LIMIT ?[0m  [["id", 4], ["LIMIT", 1]]
  Rendering school_classes/show.html.erb within layouts/application
  Rendered school_classes/show.html.erb within layouts/application (0.7ms)
Completed 200 OK in 25ms (Views: 21.0ms | ActiveRecord: 0.2ms)


Started GET "/school_classes/new" for ::1 at 2019-11-04 17:00:24 -0500
Processing by SchoolClassesController#new as HTML
  Rendering school_classes/new.html.erb within layouts/application
  Rendered school_classes/new.html.erb within layouts/application (1.8ms)
Completed 200 OK in 37ms (Views: 34.7ms | ActiveRecord: 0.0ms)


Started POST "/school_classes" for ::1 at 2019-11-04 17:00:33 -0500
Processing by SchoolClassesController#create as HTML
  Parameters: {"utf8"=>"✓", "authenticity_token"=>"oGL7gjwMHRfYxB9psT7g2uJSsLPgKl4a5JYY/3NL2vtVOt2N+BJ5kGRDF5MY96gDKZ8Ua+vdD1bx+r84ogqV4Q==", "school_class"=>{"title"=>"dsfakjddl", "room_number"=>"1"}, "commit"=>"Create School class"}
  [1m[35m (0.1ms)[0m  [1m[36mbegin transaction[0m
  [1m[35mSQL (0.7ms)[0m  [1m[32mINSERT INTO "school_classes" ("title", "room_number", "created_at", "updated_at") VALUES (?, ?, ?, ?)[0m  [["title", "dsfakjddl"], ["room_number", 1], ["created_at", "2019-11-04 22:00:33.114539"], ["updated_at", "2019-11-04 22:00:33.114539"]]
  [1m[35m (2.6ms)[0m  [1m[36mcommit transaction[0m
Redirected to http://localhost:3000/school_classes
Completed 302 Found in 9ms (ActiveRecord: 3.4ms)


Started GET "/school_classes" for ::1 at 2019-11-04 17:00:33 -0500
Processing by SchoolClassesController#index as HTML
  Rendering school_classes/index.html.erb within layouts/application
  [1m[36mSchoolClass Load (0.4ms)[0m  [1m[34mSELECT "school_classes".* FROM "school_classes"[0m
  Rendered school_classes/index.html.erb within layouts/application (3.0ms)
Completed 200 OK in 30ms (Views: 24.7ms | ActiveRecord: 0.4ms)


Started GET "/school_classes/5" for ::1 at 2019-11-04 17:00:34 -0500
Processing by SchoolClassesController#show as HTML
  Parameters: {"id"=>"5"}
  [1m[36mSchoolClass Load (0.2ms)[0m  [1m[34mSELECT  "school_classes".* FROM "school_classes" WHERE "school_classes"."id" = ? LIMIT ?[0m  [["id", 5], ["LIMIT", 1]]
  Rendering school_classes/show.html.erb within layouts/application
  Rendered school_classes/show.html.erb within layouts/application (1.5ms)
Completed 200 OK in 48ms (Views: 44.1ms | ActiveRecord: 0.2ms)


Started GET "/school_classes/5/edit" for ::1 at 2019-11-04 17:00:37 -0500
Processing by SchoolClassesController#edit as HTML
  Parameters: {"id"=>"5"}
  [1m[36mSchoolClass Load (0.2ms)[0m  [1m[34mSELECT  "school_classes".* FROM "school_classes" WHERE "school_classes"."id" = ? LIMIT ?[0m  [["id", 5], ["LIMIT", 1]]
  Rendering school_classes/edit.html.erb within layouts/application
  Rendered school_classes/edit.html.erb within layouts/application (2.1ms)
Completed 200 OK in 24ms (Views: 20.8ms | ActiveRecord: 0.2ms)


Started PATCH "/school_classes/5" for ::1 at 2019-11-04 17:00:46 -0500
Processing by SchoolClassesController#update as HTML
  Parameters: {"utf8"=>"✓", "authenticity_token"=>"gcNS2CK0y7nZaJyYNcPpNJ3kNReSO8tCJVN19OYNIlR0m3TX5qqvPmXvlGKcCqHtVimRz5nMmg4wP9IzN0xtTg==", "school_class"=>{"title"=>"Care of Magical Creatures", "room_number"=>"1"}, "commit"=>"Update School class", "id"=>"5"}
  [1m[36mSchoolClass Load (0.1ms)[0m  [1m[34mSELECT  "school_classes".* FROM "school_classes" WHERE "school_classes"."id" = ? LIMIT ?[0m  [["id", 5], ["LIMIT", 1]]
  [1m[35m (0.1ms)[0m  [1m[36mbegin transaction[0m
  [1m[35mSQL (0.7ms)[0m  [1m[33mUPDATE "school_classes" SET "title" = ?, "updated_at" = ? WHERE "school_classes"."id" = ?[0m  [["title", "Care of Magical Creatures"], ["updated_at", "2019-11-04 22:00:46.280129"], ["id", 5]]
  [1m[35m (3.4ms)[0m  [1m[36mcommit transaction[0m
Redirected to http://localhost:3000/school_classes/5
Completed 302 Found in 10ms (ActiveRecord: 4.3ms)


Started GET "/school_classes/5" for ::1 at 2019-11-04 17:00:46 -0500
Processing by SchoolClassesController#show as HTML
  Parameters: {"id"=>"5"}
  [1m[36mSchoolClass Load (0.2ms)[0m  [1m[34mSELECT  "school_classes".* FROM "school_classes" WHERE "school_classes"."id" = ? LIMIT ?[0m  [["id", 5], ["LIMIT", 1]]
  Rendering school_classes/show.html.erb within layouts/application
  Rendered school_classes/show.html.erb within layouts/application (0.7ms)
Completed 200 OK in 24ms (Views: 20.8ms | ActiveRecord: 0.2ms)


Started GET "/school_classes" for ::1 at 2019-11-04 17:00:50 -0500
Processing by SchoolClassesController#index as HTML
  Rendering school_classes/index.html.erb within layouts/application
  [1m[36mSchoolClass Load (0.1ms)[0m  [1m[34mSELECT "school_classes".* FROM "school_classes"[0m
  Rendered school_classes/index.html.erb within layouts/application (1.3ms)
Completed 200 OK in 21ms (Views: 19.0ms | ActiveRecord: 0.1ms)


Started GET "/school_classes" for ::1 at 2019-11-04 17:03:30 -0500
  [1m[36mActiveRecord::SchemaMigration Load (0.1ms)[0m  [1m[34mSELECT "schema_migrations".* FROM "schema_migrations"[0m
Processing by SchoolClassesController#index as HTML
  Rendering school_classes/index.html.erb within layouts/application
  [1m[36mSchoolClass Load (0.2ms)[0m  [1m[34mSELECT "school_classes".* FROM "school_classes"[0m
  Rendered school_classes/index.html.erb within layouts/application (13.1ms)
Completed 200 OK in 338ms (Views: 320.7ms | ActiveRecord: 0.8ms)


Started GET "/school_classes/new" for ::1 at 2019-11-04 17:03:34 -0500
Processing by SchoolClassesController#new as HTML
  Rendering school_classes/new.html.erb within layouts/application
  Rendered school_classes/new.html.erb within layouts/application (32.8ms)
Completed 200 OK in 53ms (Views: 50.7ms | ActiveRecord: 0.0ms)


Started POST "/school_classes" for ::1 at 2019-11-04 17:03:51 -0500
Processing by SchoolClassesController#create as HTML
  Parameters: {"utf8"=>"✓", "authenticity_token"=>"cw6fxQaRHnHjd4H6OPDUgsWI42TZeHk2BT3lL08SNKiGVrnKwo969l/wiQCROZxbDkVHvNKPKHoQUULonlN7sg==", "school_class"=>{"title"=>"potion 2.0", "room_number"=>"-3"}, "commit"=>"Create School class"}
  [1m[35m (0.1ms)[0m  [1m[36mbegin transaction[0m
  [1m[35mSQL (0.8ms)[0m  [1m[32mINSERT INTO "school_classes" ("title", "room_number", "created_at", "updated_at") VALUES (?, ?, ?, ?)[0m  [["title", "potion 2.0"], ["room_number", -3], ["created_at", "2019-11-04 22:03:51.567653"], ["updated_at", "2019-11-04 22:03:51.567653"]]
  [1m[35m (2.6ms)[0m  [1m[36mcommit transaction[0m
Redirected to http://localhost:3000/school_classes
Completed 302 Found in 8ms (ActiveRecord: 3.5ms)


Started GET "/school_classes" for ::1 at 2019-11-04 17:03:51 -0500
Processing by SchoolClassesController#index as HTML
  Rendering school_classes/index.html.erb within layouts/application
  [1m[36mSchoolClass Load (0.2ms)[0m  [1m[34mSELECT "school_classes".* FROM "school_classes"[0m
  Rendered school_classes/index.html.erb within layouts/application (1.8ms)
Completed 200 OK in 21ms (Views: 20.0ms | ActiveRecord: 0.2ms)


Started GET "/school_classes/6" for ::1 at 2019-11-04 17:03:52 -0500
Processing by SchoolClassesController#show as HTML
  Parameters: {"id"=>"6"}
  [1m[36mSchoolClass Load (0.4ms)[0m  [1m[34mSELECT  "school_classes".* FROM "school_classes" WHERE "school_classes"."id" = ? LIMIT ?[0m  [["id", 6], ["LIMIT", 1]]
  Rendering school_classes/show.html.erb within layouts/application
  Rendered school_classes/show.html.erb within layouts/application (0.4ms)
Completed 200 OK in 32ms (Views: 21.6ms | ActiveRecord: 0.4ms)


